<?xml version="1.0" encoding="UTF-8"?>
<robot generator="Robot 7.2.2 (Python 3.13.2 on win32)" generated="2025-02-18T14:01:50.775915" rpa="false" schemaversion="5">
<suite id="s1" name="TC Order Tool" source="E:\CODE\AuticonAssesment2025\RoboTests\TC_Order_Tool.robot">
<test id="s1-t1" name="Awake" line="12">
<kw name="Set Screenshot Directory" owner="SeleniumLibrary">
<arg>${screenshot_dir}</arg>
<doc>Sets the directory for captured screenshots.</doc>
<status status="PASS" start="2025-02-18T14:01:51.146618" elapsed="0.000210"/>
</kw>
<kw name="Set Screenshot Directory" owner="Screenshot">
<arg>${screenshot_dir}</arg>
<doc>Sets the directory where screenshots are saved.</doc>
<status status="PASS" start="2025-02-18T14:01:51.147000" elapsed="0.000457"/>
</kw>
<status status="PASS" start="2025-02-18T14:01:51.146025" elapsed="0.001564"/>
</test>
<test id="s1-t2" name="OpenWebsite" line="17">
<kw name="Open Browser" owner="SeleniumLibrary">
<msg time="2025-02-18T14:01:51.148471" level="INFO">Opening browser 'edge' to base url 'https://practicesoftwaretesting.com/#/'.</msg>
<arg>${url}</arg>
<arg>${browser}</arg>
<doc>Opens a new browser instance to the optional ``url``.</doc>
<status status="PASS" start="2025-02-18T14:01:51.148322" elapsed="2.958165"/>
</kw>
<kw name="Maximize Browser Window" owner="SeleniumLibrary">
<doc>Maximizes current browser window.</doc>
<status status="PASS" start="2025-02-18T14:01:54.106748" elapsed="0.039995"/>
</kw>
<kw name="Sleep" owner="BuiltIn">
<msg time="2025-02-18T14:01:55.147565" level="INFO">Slept 1 second.</msg>
<arg>1s</arg>
<doc>Pauses the test executed for the given time.</doc>
<status status="PASS" start="2025-02-18T14:01:54.147051" elapsed="1.000617"/>
</kw>
<status status="PASS" start="2025-02-18T14:01:51.147954" elapsed="3.999954"/>
</test>
<test id="s1-t3" name="SearchTool" line="23">
<kw name="Input Text" owner="SeleniumLibrary">
<msg time="2025-02-18T14:01:55.148784" level="INFO">Typing text 'Pliers' into text field 'id=search-query'.</msg>
<arg>id=search-query</arg>
<arg>Pliers</arg>
<doc>Types the given ``text`` into the text field identified by ``locator``.</doc>
<status status="PASS" start="2025-02-18T14:01:55.148537" elapsed="0.085131"/>
</kw>
<kw name="Click Element" owner="SeleniumLibrary">
<msg time="2025-02-18T14:01:55.234072" level="INFO">Clicking element 'xpath://button[@type="submit"]'.</msg>
<arg>xpath://button[@type="submit"]</arg>
<doc>Click the element identified by ``locator``.</doc>
<status status="PASS" start="2025-02-18T14:01:55.233915" elapsed="0.052996"/>
</kw>
<kw name="Sleep" owner="BuiltIn">
<msg time="2025-02-18T14:01:56.287346" level="INFO">Slept 1 second.</msg>
<arg>1s</arg>
<doc>Pauses the test executed for the given time.</doc>
<status status="PASS" start="2025-02-18T14:01:55.287148" elapsed="1.000297"/>
</kw>
<status status="PASS" start="2025-02-18T14:01:55.148302" elapsed="1.139380"/>
</test>
<test id="s1-t4" name="PutToolInCart" line="30">
<kw name="ClickImageLink">
<kw name="Click Element" owner="SeleniumLibrary">
<msg time="2025-02-18T14:01:56.288804" level="INFO">Clicking element 'xpath=//img[@alt="Slip Joint Pliers"]/ancestor::a'.</msg>
<arg>xpath=//img[@alt="${ImageAlt}"]/ancestor::a</arg>
<doc>Click the element identified by ``locator``.</doc>
<status status="PASS" start="2025-02-18T14:01:56.288655" elapsed="0.051279"/>
</kw>
<kw name="Sleep" owner="BuiltIn">
<msg time="2025-02-18T14:01:57.340692" level="INFO">Slept 1 second.</msg>
<arg>1s</arg>
<doc>Pauses the test executed for the given time.</doc>
<status status="PASS" start="2025-02-18T14:01:56.340150" elapsed="1.000633"/>
</kw>
<arg>Slip Joint Pliers</arg>
<status status="PASS" start="2025-02-18T14:01:56.288442" elapsed="1.052430"/>
</kw>
<kw name="Wait Until Page Contains" owner="SeleniumLibrary">
<arg>Add to cart</arg>
<doc>Waits until ``text`` appears on the current page.</doc>
<status status="PASS" start="2025-02-18T14:01:57.341086" elapsed="0.007993"/>
</kw>
<kw name="Click Button" owner="SeleniumLibrary">
<msg time="2025-02-18T14:01:57.349460" level="INFO">Clicking button 'id=btn-add-to-cart'.</msg>
<arg>id=btn-add-to-cart</arg>
<doc>Clicks the button identified by ``locator``.</doc>
<status status="PASS" start="2025-02-18T14:01:57.349306" elapsed="0.050196"/>
</kw>
<kw name="Sleep" owner="BuiltIn">
<msg time="2025-02-18T14:01:58.400157" level="INFO">Slept 1 second.</msg>
<arg>1s</arg>
<doc>Pauses the test executed for the given time.</doc>
<status status="PASS" start="2025-02-18T14:01:57.399749" elapsed="1.000503"/>
</kw>
<kw name="Click Element" owner="SeleniumLibrary">
<msg time="2025-02-18T14:01:58.400710" level="INFO">Clicking element 'xpath=//body/app-root[@ng-version='17.1.1']/app-header/nav[@class='navbar navbar-expand-lg navbar-light bg-light']/div[@class='container']/div[@id='navbarSupportedContent']/ul[@class='navbar-nav ms-auto mb-2 mb-lg-0']/li[5]/a[1]'.</msg>
<arg>xpath=//body/app-root[@ng-version='17.1.1']/app-header/nav[@class='navbar navbar-expand-lg navbar-light bg-light']/div[@class='container']/div[@id='navbarSupportedContent']/ul[@class='navbar-nav ms-auto mb-2 mb-lg-0']/li[5]/a[1]</arg>
<doc>Click the element identified by ``locator``.</doc>
<status status="PASS" start="2025-02-18T14:01:58.400494" elapsed="0.051689"/>
</kw>
<kw name="Sleep" owner="BuiltIn">
<msg time="2025-02-18T14:01:59.453066" level="INFO">Slept 1 second.</msg>
<arg>1s</arg>
<doc>Pauses the test executed for the given time.</doc>
<status status="PASS" start="2025-02-18T14:01:58.452503" elapsed="1.000661"/>
</kw>
<kw name="Click Button" owner="SeleniumLibrary">
<msg time="2025-02-18T14:01:59.453628" level="INFO">Clicking button 'class="btn btn-succes"'.</msg>
<msg time="2025-02-18T14:01:59.614955" level="INFO" html="true">&lt;/td&gt;&lt;/tr&gt;&lt;tr&gt;&lt;td colspan="3"&gt;&lt;a href="Screenshots/selenium-screenshot-10.png"&gt;&lt;img src="Screenshots/selenium-screenshot-10.png" width="800px"&gt;&lt;/a&gt;</msg>
<msg time="2025-02-18T14:01:59.615172" level="FAIL">InvalidSelectorException: Message: invalid selector: An invalid or illegal selector was specified
  (Session info: MicrosoftEdge=133.0.3065.69); For documentation on this error, please visit: https://www.selenium.dev/documentation/webdriver/troubleshooting/errors#invalid-selector-exception
Stacktrace:
	GetHandleVerifier [0x00007FF76FF3E735+13397]
	Microsoft::Applications::Events::EventProperty::empty [0x00007FF7701CB1D4+2060308]
	Microsoft::Applications::Events::EventProperty::empty [0x00007FF770122338+1368440]
	(No symbol) [0x00007FF76FCCFAE0]
	(No symbol) [0x00007FF76FCD245C]
	(No symbol) [0x00007FF76FCD252F]
	(No symbol) [0x00007FF76FD12D74]
	(No symbol) [0x00007FF76FD1349B]
	(No symbol) [0x00007FF76FD54117]
	(No symbol) [0x00007FF76FD3429F]
	(No symbol) [0x00007FF76FD0964D]
	(No symbol) [0x00007FF76FD51C00]
	(No symbol) [0x00007FF76FD33FC3]
	(No symbol) [0x00007FF76FD08B96]
	(No symbol) [0x00007FF76FD07E50]
	(No symbol) [0x00007FF76FD089C3]
	(No symbol) [0x00007FF76FD90214]
	(No symbol) [0x00007FF76FE206CF]
	(No symbol) [0x00007FF76FD93A53]
	Microsoft::Applications::Events::EventProperty::to_string [0x00007FF7702845DD+279981]
	simdutf::get_active_implementation [0x00007FF76FEC78C1+409425]
	simdutf::get_active_implementation [0x00007FF76FEC2BA4+389684]
	simdutf::get_active_implementation [0x00007FF76FEC2CE9+390009]
	simdutf::get_active_implementation [0x00007FF76FEB62E6+338294]
	BaseThreadInitThunk [0x00007FFDE2B7E8D7+23]
	RtlUserThreadStart [0x00007FFDE37FBF2C+44]
</msg>
<arg>class="btn btn-succes"</arg>
<doc>Clicks the button identified by ``locator``.</doc>
<status status="FAIL" start="2025-02-18T14:01:59.453448" elapsed="0.173409">InvalidSelectorException: Message: invalid selector: An invalid or illegal selector was specified
  (Session info: MicrosoftEdge=133.0.3065.69); For documentation on this error, please visit: https://www.selenium.dev/documentation/webdriver/troubleshooting/errors#invalid-selector-exception
Stacktrace:
	GetHandleVerifier [0x00007FF76FF3E735+13397]
	Microsoft::Applications::Events::EventProperty::empty [0x00007FF7701CB1D4+2060308]
	Microsoft::Applications::Events::EventProperty::empty [0x00007FF770122338+1368440]
	(No symbol) [0x00007FF76FCCFAE0]
	(No symbol) [0x00007FF76FCD245C]
	(No symbol) [0x00007FF76FCD252F]
	(No symbol) [0x00007FF76FD12D74]
	(No symbol) [0x00007FF76FD1349B]
	(No symbol) [0x00007FF76FD54117]
	(No symbol) [0x00007FF76FD3429F]
	(No symbol) [0x00007FF76FD0964D]
	(No symbol) [0x00007FF76FD51C00]
	(No symbol) [0x00007FF76FD33FC3]
	(No symbol) [0x00007FF76FD08B96]
	(No symbol) [0x00007FF76FD07E50]
	(No symbol) [0x00007FF76FD089C3]
	(No symbol) [0x00007FF76FD90214]
	(No symbol) [0x00007FF76FE206CF]
	(No symbol) [0x00007FF76FD93A53]
	Microsoft::Applications::Events::EventProperty::to_string [0x00007FF7702845DD+279981]
	simdutf::get_active_implementation [0x00007FF76FEC78C1+409425]
	simdutf::get_active_implementation [0x00007FF76FEC2BA4+389684]
	simdutf::get_active_implementation [0x00007FF76FEC2CE9+390009]
	simdutf::get_active_implementation [0x00007FF76FEB62E6+338294]
	BaseThreadInitThunk [0x00007FFDE2B7E8D7+23]
	RtlUserThreadStart [0x00007FFDE37FBF2C+44]
</status>
</kw>
<kw name="Sleep" owner="BuiltIn">
<arg>1s</arg>
<doc>Pauses the test executed for the given time.</doc>
<status status="NOT RUN" start="2025-02-18T14:01:59.627243" elapsed="0.000037"/>
</kw>
<status status="FAIL" start="2025-02-18T14:01:56.288078" elapsed="3.339395">InvalidSelectorException: Message: invalid selector: An invalid or illegal selector was specified
  (Session info: MicrosoftEdge=133.0.3065.69); For documentation on this error, please visit: https://www.selenium.dev/documentation/webdriver/troubleshooting/errors#invalid-selector-exception
Stacktrace:
	GetHandleVerifier [0x00007FF76FF3E735+13397]
	Microsoft::Applications::Events::EventProperty::empty [0x00007FF7701CB1D4+2060308]
	Microsoft::Applications::Events::EventProperty::empty [0x00007FF770122338+1368440]
	(No symbol) [0x00007FF76FCCFAE0]
	(No symbol) [0x00007FF76FCD245C]
	(No symbol) [0x00007FF76FCD252F]
	(No symbol) [0x00007FF76FD12D74]
	(No symbol) [0x00007FF76FD1349B]
	(No symbol) [0x00007FF76FD54117]
	(No symbol) [0x00007FF76FD3429F]
	(No symbol) [0x00007FF76FD0964D]
	(No symbol) [0x00007FF76FD51C00]
	(No symbol) [0x00007FF76FD33FC3]
	(No symbol) [0x00007FF76FD08B96]
	(No symbol) [0x00007FF76FD07E50]
	(No symbol) [0x00007FF76FD089C3]
	(No symbol) [0x00007FF76FD90214]
	(No symbol) [0x00007FF76FE206CF]
	(No symbol) [0x00007FF76FD93A53]
	Microsoft::Applications::Events::EventProperty::to_string [0x00007FF7702845DD+279981]
	simdutf::get_active_implementation [0x00007FF76FEC78C1+409425]
	simdutf::get_active_implementation [0x00007FF76FEC2BA4+389684]
	simdutf::get_active_implementation [0x00007FF76FEC2CE9+390009]
	simdutf::get_active_implementation [0x00007FF76FEB62E6+338294]
	BaseThreadInitThunk [0x00007FFDE2B7E8D7+23]
	RtlUserThreadStart [0x00007FFDE37FBF2C+44]
</status>
</test>
<status status="FAIL" start="2025-02-18T14:01:50.776962" elapsed="8.851270"/>
</suite>
<statistics>
<total>
<stat pass="3" fail="1" skip="0">All Tests</stat>
</total>
<tag>
</tag>
<suite>
<stat name="TC Order Tool" id="s1" pass="3" fail="1" skip="0">TC Order Tool</stat>
</suite>
</statistics>
<errors>
</errors>
</robot>
